<?xml version="1.0" encoding="UTF-8"?>
<!-- Generated by org.testng.reporters.JUnitReportReporter -->
<testsuite hostname="DESKTOP-4CJG7K9" failures="0" tests="1" name="com.give.qa.testcases.DropdownCurrencyTest" time="7.211" errors="0" timestamp="30 Mar 2023 14:32:57 GMT" skipped="0">
  <testcase classname="com.give.qa.testcases.DropdownCurrencyTest" name="verifyDropdownCurrencyTest" time="7.211"/>
</testsuite> <!-- com.give.qa.testcases.DropdownCurrencyTest -->
