<?xml version="1.0" encoding="UTF-8"?>
<!-- Generated by org.testng.reporters.JUnitReportReporter -->
<testsuite hostname="Rpundla-Lap" failures="0" tests="4" name="com.give.qa.testcases.FormAuthenticationPageTest" time="121.767" errors="0" timestamp="12 Nov 2022 07:25:17 GMT" skipped="0">
  <testcase classname="com.give.qa.testcases.FormAuthenticationPageTest" name="formAuthenticationTestFromPropertyfile" time="31.019"/>
  <testcase classname="com.give.qa.testcases.FormAuthenticationPageTest" name="formAuthenticationTestFromExcel" time="27.574"/>
  <testcase classname="com.give.qa.testcases.FormAuthenticationPageTest" name="formAuthenticationTestFromExcel" time="27.945"/>
  <testcase classname="com.give.qa.testcases.FormAuthenticationPageTest" name="formAuthenticationTestFromExcel" time="35.229"/>
</testsuite> <!-- com.give.qa.testcases.FormAuthenticationPageTest -->
