<?xml version="1.0" encoding="UTF-8"?>
<!-- Generated by org.testng.reporters.JUnitReportReporter -->
<testsuite hostname="DESKTOP-4CJG7K9" failures="0" tests="4" name="com.give.qa.testcases.FormAuthenticationPageTest" time="27.591" errors="0" timestamp="08 Feb 2023 05:59:00 GMT" skipped="0">
  <testcase classname="com.give.qa.testcases.FormAuthenticationPageTest" name="formAuthenticationTestFromPropertyfile" time="8.010"/>
  <testcase classname="com.give.qa.testcases.FormAuthenticationPageTest" name="formAuthenticationTestFromExcel" time="6.431"/>
  <testcase classname="com.give.qa.testcases.FormAuthenticationPageTest" name="formAuthenticationTestFromExcel" time="6.680"/>
  <testcase classname="com.give.qa.testcases.FormAuthenticationPageTest" name="formAuthenticationTestFromExcel" time="6.470"/>
</testsuite> <!-- com.give.qa.testcases.FormAuthenticationPageTest -->
