<?xml version="1.0" encoding="UTF-8"?>
<!-- Generated by org.testng.reporters.JUnitReportReporter -->
<testsuite hostname="DESKTOP-4CJG7K9" failures="0" tests="1" name="com.give.qa.testcases.DropdownPageTest" time="11.803" errors="0" timestamp="08 Feb 2023 05:59:00 GMT" skipped="0">
  <testcase classname="com.give.qa.testcases.DropdownPageTest" name="verifyDropdownTest" time="11.803"/>
</testsuite> <!-- com.give.qa.testcases.DropdownPageTest -->
