<?xml version="1.0" encoding="UTF-8"?>
<!-- Generated by org.testng.reporters.JUnitReportReporter -->
<testsuite hostname="Rpundla-Lap" failures="0" tests="1" name="com.give.qa.testcases.FileUploaderPageTest" time="31.065" errors="0" timestamp="12 Nov 2022 07:17:03 GMT" skipped="0">
  <testcase classname="com.give.qa.testcases.FileUploaderPageTest" name="verifyUploadFileTest" time="31.065"/>
</testsuite> <!-- com.give.qa.testcases.FileUploaderPageTest -->
