<?xml version="1.0" encoding="UTF-8"?>
<!-- Generated by org.testng.reporters.JUnitReportReporter -->
<testsuite hostname="Rpundla-Lap" failures="0" tests="4" name="com.give.qa.testcases.FormAuthenticationPageTest" time="114.385" errors="0" timestamp="12 Nov 2022 07:17:03 GMT" skipped="0">
  <testcase classname="com.give.qa.testcases.FormAuthenticationPageTest" name="formAuthenticationTestFromPropertyfile" time="29.329"/>
  <testcase classname="com.give.qa.testcases.FormAuthenticationPageTest" name="formAuthenticationTestFromExcel" time="28.790"/>
  <testcase classname="com.give.qa.testcases.FormAuthenticationPageTest" name="formAuthenticationTestFromExcel" time="29.805"/>
  <testcase classname="com.give.qa.testcases.FormAuthenticationPageTest" name="formAuthenticationTestFromExcel" time="26.461"/>
</testsuite> <!-- com.give.qa.testcases.FormAuthenticationPageTest -->
