<?xml version="1.0" encoding="UTF-8"?>
<!-- Generated by org.testng.reporters.JUnitReportReporter -->
<testsuite hostname="Rpundla-Lap" failures="0" tests="1" name="com.give.qa.testcases.BrokenImagesPageTest" time="61.563" errors="0" timestamp="12 Nov 2022 07:17:03 GMT" skipped="0">
  <testcase classname="com.give.qa.testcases.BrokenImagesPageTest" name="verifyBrokenImagesTest" time="61.563"/>
</testsuite> <!-- com.give.qa.testcases.BrokenImagesPageTest -->
